Build started 04/08/2015 10:28:51.
     1>Project "C:\Users\68\Downloads\Engine-2D-master\src\Engine2D\Engine2D.vcxproj" on node 2 (Build target(s)).
     1>ClCompile:
         C:\Program Files (x86)\Microsoft Visual Studio 12.0\VC\bin\CL.exe /c /I"C:\Users\68\Downloads\Engine-2D-master\src\Engine2D\includes" /I"C:\Users\68\Downloads\Engine-2D-master\res" /Zi /nologo /W3 /WX- /O2 /Oi /Oy- /GL /D _WINDLL /D _MBCS /Gm- /EHsc /MD /GS /Gy /fp:precise /Zc:wchar_t /Zc:forScope /Fo"C:\Users\68\Downloads\Engine-2D-master\\tmp\\" /Fd"C:\Users\68\Downloads\Engine-2D-master\\tmp\vc120.pdb" /Gd /TP /analyze- /errorReport:prompt Renderer.cpp
         Renderer.cpp
       Link:
         C:\Program Files (x86)\Microsoft Visual Studio 12.0\VC\bin\link.exe /ERRORREPORT:PROMPT /OUT:"C:\Users\68\Downloads\Engine-2D-master\bin\Release\Engine2D.dll" /NOLOGO /LIBPATH:"C:\Users\68\Downloads\Engine-2D-master\bin/Release/" /LIBPATH:"C:\Users\68\Downloads\Engine-2D-master\res/tinyxml2/tinyxml2/bin/Win32-Debug-Dll" d3d9.lib winmm.lib d3dx9.lib kernel32.lib user32.lib gdi32.lib winspool.lib comdlg32.lib advapi32.lib shell32.lib ole32.lib oleaut32.lib uuid.lib odbc32.lib odbccp32.lib /MANIFEST /MANIFESTUAC:"level='asInvoker' uiAccess='false'" /manifest:embed /DEBUG /PDB:"C:\Users\68\Downloads\Engine-2D-master\bin\Release\Engine2D.pdb" /OPT:REF /OPT:ICF /LTCG /TLBID:1 /DYNAMICBASE /NXCOMPAT /IMPLIB:"C:\Users\68\Downloads\Engine-2D-master\bin\Release\Engine2D.lib" /MACHINE:X86 /SAFESEH /DLL "C:\Users\68\Downloads\Engine-2D-master\\tmp\Animation.obj"
         "C:\Users\68\Downloads\Engine-2D-master\\tmp\Box.obj"
         "C:\Users\68\Downloads\Engine-2D-master\\tmp\Circle.obj"
         "C:\Users\68\Downloads\Engine-2D-master\\tmp\DirectInput.obj"
         "C:\Users\68\Downloads\Engine-2D-master\\tmp\Entity2D.obj"
         "C:\Users\68\Downloads\Engine-2D-master\\tmp\Game.obj"
         "C:\Users\68\Downloads\Engine-2D-master\\tmp\Importer.obj"
         "C:\Users\68\Downloads\Engine-2D-master\\tmp\Input.obj"
         "C:\Users\68\Downloads\Engine-2D-master\\tmp\MathF.obj"
         "C:\Users\68\Downloads\Engine-2D-master\\tmp\Renderer.obj"
         "C:\Users\68\Downloads\Engine-2D-master\\tmp\Scene.obj"
         "C:\Users\68\Downloads\Engine-2D-master\\tmp\Shape.obj"
         "C:\Users\68\Downloads\Engine-2D-master\\tmp\Sprite.obj"
         "C:\Users\68\Downloads\Engine-2D-master\\tmp\Texture.obj"
         "C:\Users\68\Downloads\Engine-2D-master\\tmp\TileMap.obj"
         "C:\Users\68\Downloads\Engine-2D-master\\tmp\Timer.obj"
         "C:\Users\68\Downloads\Engine-2D-master\\tmp\tinyxml2.obj"
         "C:\Users\68\Downloads\Engine-2D-master\\tmp\Triangle.obj"
         "C:\Users\68\Downloads\Engine-2D-master\\tmp\Window.obj"
         "C:\Users\68\Downloads\Engine-2D-master\\tmp\XMLParser.obj"
            Creating library C:\Users\68\Downloads\Engine-2D-master\bin\Release\Engine2D.lib and object C:\Users\68\Downloads\Engine-2D-master\bin\Release\Engine2D.exp
         Generating code
     1>c:\users\68\downloads\engine-2d-master\src\engine2d\xmlparser.cpp(342): warning C4717: '_strnicmp' : recursive on all control paths, function will cause runtime stack overflow
     1>c:\users\68\downloads\engine-2d-master\src\engine2d\scene.cpp(229): warning C4715: 'Engine::Scene::ChangeEntityFromCollidersGroup' : not all control paths return a value
         Finished generating code
         Engine2D.vcxproj -> C:\Users\68\Downloads\Engine-2D-master\bin\Release\Engine2D.dll
     1>Done Building Project "C:\Users\68\Downloads\Engine-2D-master\src\Engine2D\Engine2D.vcxproj" (Build target(s)).

Build succeeded.

Time Elapsed 00:00:05.48
