c:\users\826\desktop\engine-3d\tmp\vc120.pdb
c:\users\826\desktop\engine-3d\tmp\xmlparser.obj
c:\users\826\desktop\engine-3d\tmp\window.obj
c:\users\826\desktop\engine-3d\tmp\triangle.obj
c:\users\826\desktop\engine-3d\tmp\tinyxml2.obj
c:\users\826\desktop\engine-3d\tmp\timer.obj
c:\users\826\desktop\engine-3d\tmp\tilemap.obj
c:\users\826\desktop\engine-3d\tmp\texture.obj
c:\users\826\desktop\engine-3d\tmp\sprite.obj
c:\users\826\desktop\engine-3d\tmp\shape.obj
c:\users\826\desktop\engine-3d\tmp\scene.obj
c:\users\826\desktop\engine-3d\tmp\renderer.obj
c:\users\826\desktop\engine-3d\tmp\mathf.obj
c:\users\826\desktop\engine-3d\tmp\input.obj
c:\users\826\desktop\engine-3d\tmp\importer.obj
c:\users\826\desktop\engine-3d\tmp\game.obj
c:\users\826\desktop\engine-3d\tmp\entity2d.obj
c:\users\826\desktop\engine-3d\tmp\directinput.obj
c:\users\826\desktop\engine-3d\tmp\circle.obj
c:\users\826\desktop\engine-3d\tmp\box.obj
c:\users\826\desktop\engine-3d\tmp\animation.obj
c:\users\826\desktop\engine-3d\bin\release\engine2d.lib
c:\users\826\desktop\engine-3d\bin\release\engine2d.exp
c:\users\826\desktop\engine-3d\bin\release\engine2d.dll
c:\users\826\desktop\engine-3d\bin\release\engine2d.pdb
c:\users\826\desktop\engine-3d\tmp\engine2d.tlog\cl.command.1.tlog
c:\users\826\desktop\engine-3d\tmp\engine2d.tlog\cl.read.1.tlog
c:\users\826\desktop\engine-3d\tmp\engine2d.tlog\cl.write.1.tlog
c:\users\826\desktop\engine-3d\tmp\engine2d.tlog\engine2d.write.1u.tlog
c:\users\826\desktop\engine-3d\tmp\engine2d.tlog\link.command.1.tlog
c:\users\826\desktop\engine-3d\tmp\engine2d.tlog\link.read.1.tlog
c:\users\826\desktop\engine-3d\tmp\engine2d.tlog\link.write.1.tlog
