c:\users\820\desktop\engine-3d-master\trunk\myengine1.0\debug\vc120.pdb
c:\users\820\desktop\engine-3d-master\trunk\myengine1.0\debug\vc120.idb
c:\users\820\desktop\engine-3d-master\trunk\myengine1.0\debug\animation.obj
c:\users\820\desktop\engine-3d-master\trunk\myengine1.0\debug\camera.obj
c:\users\820\desktop\engine-3d-master\trunk\myengine1.0\debug\engine.obj
c:\users\820\desktop\engine-3d-master\trunk\myengine1.0\debug\entity.obj
c:\users\820\desktop\engine-3d-master\trunk\myengine1.0\debug\game.obj
c:\users\820\desktop\engine-3d-master\trunk\myengine1.0\debug\indexbuffer.obj
c:\users\820\desktop\engine-3d-master\trunk\myengine1.0\debug\directinput.obj
c:\users\820\desktop\engine-3d-master\trunk\myengine1.0\debug\input.obj
c:\users\820\desktop\engine-3d-master\trunk\myengine1.0\debug\mesh.obj
c:\users\820\desktop\engine-3d-master\trunk\myengine1.0\debug\rendertypes.obj
c:\users\820\desktop\engine-3d-master\trunk\myengine1.0\debug\scene.obj
c:\users\820\desktop\engine-3d-master\trunk\myengine1.0\debug\timer.obj
c:\users\820\desktop\engine-3d-master\trunk\myengine1.0\debug\tinyxml2.obj
c:\users\820\desktop\engine-3d-master\trunk\myengine1.0\debug\vertexbuffer.obj
c:\users\820\desktop\engine-3d-master\trunk\myengine1.0\debug\window.obj
c:\users\820\desktop\engine-3d-master\trunk\myengine1.0\debug\renderer.obj
c:\users\820\desktop\engine-3d-master\trunk\myengine1.0\debug\xmlparser.obj
c:\users\820\desktop\engine-3d-master\trunk\myengine1.0\debug\myengine1.0.tlog\cl.command.1.tlog
c:\users\820\desktop\engine-3d-master\trunk\myengine1.0\debug\myengine1.0.tlog\cl.read.1.tlog
c:\users\820\desktop\engine-3d-master\trunk\myengine1.0\debug\myengine1.0.tlog\cl.write.1.tlog
