Build started 23/09/2015 01:05:22 p.m..
     1>Project "C:\Users\826\Desktop\Engine-3D\trunk\myGame\myGame.vcxproj" on node 2 (Build target(s)).
     1>ClCompile:
         C:\Program Files (x86)\Microsoft Visual Studio 12.0\VC\bin\CL.exe /c /I"C:\Users\826\Desktop\Engine-3D\trunk\myEngine1.0" /ZI /nologo /W3 /WX- /Od /Oy- /D _MBCS /Gm /EHsc /RTC1 /MDd /GS /fp:precise /Zc:wchar_t /Zc:forScope /Fo"Debug\\" /Fd"Debug\vc120.pdb" /Gd /TP /analyze- /errorReport:prompt MyGame.cpp
         MyGame.cpp
     1>c:\users\826\desktop\engine-3d\trunk\myengine1.0\game.h(26): warning C4251: 'engine::Game::m_mapa' : class 'std::map<std::string,engine::Scene *,std::less<_Kty>,std::allocator<std::pair<const _Kty,_Ty>>>' needs to have dll-interface to be used by clients of class 'engine::Game'
                 with
                 [
                     _Kty=std::string
         ,            _Ty=engine::Scene *
                 ]
     1>c:\users\826\desktop\engine-3d\trunk\myengine1.0\game.h(27): warning C4251: 'engine::Game::m_mIterator' : class 'std::_Tree_iterator<std::_Tree_val<std::_Tree_simple_types<std::pair<const _Kty,_Ty>>>>' needs to have dll-interface to be used by clients of class 'engine::Game'
                 with
                 [
                     _Kty=std::string
         ,            _Ty=engine::Scene *
                 ]
     1>c:\users\826\desktop\engine-3d\trunk\myengine1.0\entity.h(28): warning C4251: 'engine::Entity::m_sColGroup' : class 'std::basic_string<char,std::char_traits<char>,std::allocator<char>>' needs to have dll-interface to be used by clients of class 'engine::Entity'
     1>c:\users\826\desktop\engine-3d\trunk\myengine1.0\entity.h(29): warning C4251: 'engine::Entity::m_sName' : class 'std::basic_string<char,std::char_traits<char>,std::allocator<char>>' needs to have dll-interface to be used by clients of class 'engine::Entity'
     1>c:\users\826\desktop\engine-3d\trunk\myengine1.0\renderer.h(56): warning C4251: 'engine::Renderer::m_vTexture' : class 'std::vector<engine::Texture,std::allocator<_Ty>>' needs to have dll-interface to be used by clients of class 'engine::Renderer'
                 with
                 [
                     _Ty=engine::Texture
                 ]
     1>c:\users\826\desktop\engine-3d\trunk\myengine1.0\node.h(17): warning C4251: 'engine::Node::m_Pos' : struct 'D3DXVECTOR3' needs to have dll-interface to be used by clients of class 'engine::Node'
                 c:\program files (x86)\microsoft directx sdk (june 2010)\include\d3dx9math.h(162) : see declaration of 'D3DXVECTOR3'
     1>c:\users\826\desktop\engine-3d\trunk\myengine1.0\node.h(18): warning C4251: 'engine::Node::m_Sc' : struct 'D3DXVECTOR3' needs to have dll-interface to be used by clients of class 'engine::Node'
                 c:\program files (x86)\microsoft directx sdk (june 2010)\include\d3dx9math.h(162) : see declaration of 'D3DXVECTOR3'
     1>c:\users\826\desktop\engine-3d\trunk\myengine1.0\node.h(28): warning C4251: 'engine::Node::m_vChilds' : class 'std::vector<engine::Node *,std::allocator<_Ty>>' needs to have dll-interface to be used by clients of class 'engine::Node'
                 with
                 [
                     _Ty=engine::Node *
                 ]
     1>c:\users\826\desktop\engine-3d\trunk\myengine1.0\node.h(29): warning C4251: 'engine::Node::m_vMeshes' : class 'std::vector<engine::Mesh *,std::allocator<_Ty>>' needs to have dll-interface to be used by clients of class 'engine::Node'
                 with
                 [
                     _Ty=engine::Mesh *
                 ]
     1>c:\users\826\desktop\engine-3d\trunk\myengine1.0\node.h(37): warning C4251: 'engine::Node::pivot' : struct 'D3DXVECTOR3' needs to have dll-interface to be used by clients of class 'engine::Node'
                 c:\program files (x86)\microsoft directx sdk (june 2010)\include\d3dx9math.h(162) : see declaration of 'D3DXVECTOR3'
     1>c:\users\826\desktop\engine-3d\trunk\myengine1.0\node.h(38): warning C4251: 'engine::Node::local' : struct 'D3DXMATRIX' needs to have dll-interface to be used by clients of class 'engine::Node'
                 c:\program files (x86)\microsoft directx sdk (june 2010)\include\d3dx9math.h(312) : see declaration of 'D3DXMATRIX'
     1>c:\users\826\desktop\engine-3d\trunk\myengine1.0\node.h(39): warning C4251: 'engine::Node::world' : struct 'D3DXMATRIX' needs to have dll-interface to be used by clients of class 'engine::Node'
                 c:\program files (x86)\microsoft directx sdk (june 2010)\include\d3dx9math.h(312) : see declaration of 'D3DXMATRIX'
     1>c:\users\826\desktop\engine-3d\trunk\myengine1.0\node.h(40): warning C4251: 'engine::Node::defaultMatrix' : struct 'D3DXMATRIX' needs to have dll-interface to be used by clients of class 'engine::Node'
                 c:\program files (x86)\microsoft directx sdk (june 2010)\include\d3dx9math.h(312) : see declaration of 'D3DXMATRIX'
     1>c:\users\826\desktop\engine-3d\trunk\myengine1.0\camera.h(50): warning C4251: 'engine::Camera::m_view' : struct 'D3DXMATRIX' needs to have dll-interface to be used by clients of class 'engine::Camera'
                 c:\program files (x86)\microsoft directx sdk (june 2010)\include\d3dx9math.h(312) : see declaration of 'D3DXMATRIX'
     1>c:\users\826\desktop\engine-3d\trunk\myengine1.0\camera.h(51): warning C4251: 'engine::Camera::m_projection' : struct 'D3DXMATRIX' needs to have dll-interface to be used by clients of class 'engine::Camera'
                 c:\program files (x86)\microsoft directx sdk (june 2010)\include\d3dx9math.h(312) : see declaration of 'D3DXMATRIX'
     1>c:\users\826\desktop\engine-3d\trunk\myengine1.0\camera.h(52): warning C4251: 'engine::Camera::m_right' : struct 'D3DXVECTOR3' needs to have dll-interface to be used by clients of class 'engine::Camera'
                 c:\program files (x86)\microsoft directx sdk (june 2010)\include\d3dx9math.h(162) : see declaration of 'D3DXVECTOR3'
     1>c:\users\826\desktop\engine-3d\trunk\myengine1.0\camera.h(53): warning C4251: 'engine::Camera::m_up' : struct 'D3DXVECTOR3' needs to have dll-interface to be used by clients of class 'engine::Camera'
                 c:\program files (x86)\microsoft directx sdk (june 2010)\include\d3dx9math.h(162) : see declaration of 'D3DXVECTOR3'
     1>c:\users\826\desktop\engine-3d\trunk\myengine1.0\camera.h(54): warning C4251: 'engine::Camera::m_look' : struct 'D3DXVECTOR3' needs to have dll-interface to be used by clients of class 'engine::Camera'
                 c:\program files (x86)\microsoft directx sdk (june 2010)\include\d3dx9math.h(162) : see declaration of 'D3DXVECTOR3'
     1>c:\users\826\desktop\engine-3d\trunk\myengine1.0\camera.h(55): warning C4251: 'engine::Camera::m_position' : struct 'D3DXVECTOR3' needs to have dll-interface to be used by clients of class 'engine::Camera'
                 c:\program files (x86)\microsoft directx sdk (june 2010)\include\d3dx9math.h(162) : see declaration of 'D3DXVECTOR3'
     1>c:\users\826\desktop\engine-3d\trunk\myengine1.0\camera.h(56): warning C4251: 'engine::Camera::m_lookAt' : struct 'D3DXVECTOR3' needs to have dll-interface to be used by clients of class 'engine::Camera'
                 c:\program files (x86)\microsoft directx sdk (june 2010)\include\d3dx9math.h(162) : see declaration of 'D3DXVECTOR3'
     1>c:\users\826\desktop\engine-3d\trunk\myengine1.0\camera.h(57): warning C4251: 'engine::Camera::m_velocity' : struct 'D3DXVECTOR3' needs to have dll-interface to be used by clients of class 'engine::Camera'
                 c:\program files (x86)\microsoft directx sdk (june 2010)\include\d3dx9math.h(162) : see declaration of 'D3DXVECTOR3'
     1>c:\users\826\desktop\engine-3d\trunk\myengine1.0\animation.h(25): warning C4251: 'engine::Animation::m_akFrames' : class 'std::vector<engine::Animation::Frame,std::allocator<_Ty>>' needs to have dll-interface to be used by clients of class 'engine::Animation'
                 with
                 [
                     _Ty=engine::Animation::Frame
                 ]
     1>c:\users\826\desktop\engine-3d\trunk\myengine1.0\animation.h(35): warning C4251: 'engine::Animation::_Name' : class 'std::basic_string<char,std::char_traits<char>,std::allocator<char>>' needs to have dll-interface to be used by clients of class 'engine::Animation'
     1>c:\users\826\desktop\engine-3d\trunk\myengine1.0\scene.h(34): warning C4251: 'engine::Scene::m_sName' : class 'std::basic_string<char,std::char_traits<char>,std::allocator<char>>' needs to have dll-interface to be used by clients of class 'engine::Scene'
     1>c:\users\826\desktop\engine-3d\trunk\myengine1.0\scene.h(35): warning C4251: 'engine::Scene::m_mapMesh' : class 'std::map<std::string,engine::Mesh *,std::less<_Kty>,std::allocator<std::pair<const _Kty,_Ty>>>' needs to have dll-interface to be used by clients of class 'engine::Scene'
                 with
                 [
                     _Kty=std::string
         ,            _Ty=engine::Mesh *
                 ]
     1>c:\users\826\desktop\engine-3d\trunk\myengine1.0\scene.h(36): warning C4251: 'engine::Scene::m_mIteratorMesh' : class 'std::_Tree_iterator<std::_Tree_val<std::_Tree_simple_types<std::pair<const _Kty,_Ty>>>>' needs to have dll-interface to be used by clients of class 'engine::Scene'
                 with
                 [
                     _Kty=std::string
         ,            _Ty=engine::Mesh *
                 ]
     1>c:\users\826\desktop\engine-3d\trunk\myengine1.0\scene.h(41): warning C4251: 'engine::Scene::m_pClsGroups' : class 'std::map<std::string,engine::Scene::Mesh3DVector *,std::less<_Kty>,std::allocator<std::pair<const _Kty,_Ty>>>' needs to have dll-interface to be used by clients of class 'engine::Scene'
                 with
                 [
                     _Kty=std::string
         ,            _Ty=engine::Scene::Mesh3DVector *
                 ]
     1>c:\users\826\desktop\engine-3d\trunk\myengine1.0\scene.h(42): warning C4251: 'engine::Scene::m_pClsGroupsIter' : class 'std::_Tree_iterator<std::_Tree_val<std::_Tree_simple_types<std::pair<const _Kty,_Ty>>>>' needs to have dll-interface to be used by clients of class 'engine::Scene'
                 with
                 [
                     _Kty=std::string
         ,            _Ty=engine::Scene::Mesh3DVector *
                 ]
     1>c:\users\826\desktop\engine-3d\trunk\myengine1.0\scene.h(45): warning C4251: 'engine::Scene::m_pClsGroupsIterA' : class 'std::_Tree_iterator<std::_Tree_val<std::_Tree_simple_types<std::pair<const _Kty,_Ty>>>>' needs to have dll-interface to be used by clients of class 'engine::Scene'
                 with
                 [
                     _Kty=std::string
         ,            _Ty=engine::Scene::Mesh3DVector *
                 ]
     1>c:\users\826\desktop\engine-3d\trunk\myengine1.0\scene.h(46): warning C4251: 'engine::Scene::m_pClsGroupsIterB' : class 'std::_Tree_iterator<std::_Tree_val<std::_Tree_simple_types<std::pair<const _Kty,_Ty>>>>' needs to have dll-interface to be used by clients of class 'engine::Scene'
                 with
                 [
                     _Kty=std::string
         ,            _Ty=engine::Scene::Mesh3DVector *
                 ]
     1>c:\users\826\desktop\engine-3d\trunk\myengine1.0\importer.h(59): warning C4251: 'engine::Importer::m_sCurrentModelPath' : class 'std::basic_string<char,std::char_traits<char>,std::allocator<char>>' needs to have dll-interface to be used by clients of class 'engine::Importer'
     1>c:\users\826\desktop\engine-3d\trunk\myengine1.0\importer.h(62): warning C4251: 'engine::Importer::m_mTextureMap' : class 'std::map<std::string,engine::Texture,std::less<_Kty>,std::allocator<std::pair<const _Kty,_Ty>>>' needs to have dll-interface to be used by clients of class 'engine::Importer'
                 with
                 [
                     _Kty=std::string
         ,            _Ty=engine::Texture
                 ]
     1>c:\users\826\desktop\engine-3d\trunk\myengine1.0\importer.h(63): warning C4251: 'engine::Importer::m_mTilemaps' : class 'std::map<std::string,engine::TileMap *,std::less<_Kty>,std::allocator<std::pair<const _Kty,_Ty>>>' needs to have dll-interface to be used by clients of class 'engine::Importer'
                 with
                 [
                     _Kty=std::string
         ,            _Ty=engine::TileMap *
                 ]
       Link:
         C:\Program Files (x86)\Microsoft Visual Studio 12.0\VC\bin\link.exe /ERRORREPORT:PROMPT /OUT:"C:\Users\826\Desktop\Engine-3D\trunk\Debug\MyGame.exe" /INCREMENTAL /NOLOGO /LIBPATH:"C:\Users\826\Desktop\Engine-3D\trunk\Debug" myEngine1.0.lib kernel32.lib user32.lib gdi32.lib winspool.lib comdlg32.lib advapi32.lib shell32.lib ole32.lib oleaut32.lib uuid.lib odbc32.lib odbccp32.lib kernel32.lib user32.lib gdi32.lib winspool.lib comdlg32.lib advapi32.lib shell32.lib ole32.lib oleaut32.lib uuid.lib odbc32.lib odbccp32.lib /MANIFEST /MANIFESTUAC:"level='asInvoker' uiAccess='false'" /manifest:embed /DEBUG /PDB:"C:\Users\826\Desktop\Engine-3D\trunk\Debug\MyGame.pdb" /TLBID:1 /DYNAMICBASE /NXCOMPAT /IMPLIB:"C:\Users\826\Desktop\Engine-3D\trunk\Debug\MyGame.lib" /MACHINE:X86 Debug\MyGame.obj
         Debug\main.obj
         Debug\MyCustomScene.obj
         myGame.vcxproj -> C:\Users\826\Desktop\Engine-3D\trunk\Debug\MyGame.exe
     1>Done Building Project "C:\Users\826\Desktop\Engine-3D\trunk\myGame\myGame.vcxproj" (Build target(s)).

Build succeeded.

Time Elapsed 00:00:00.92
